<?xml version="1.0" encoding="UTF-8"?>
<!-- Generated by org.testng.reporters.JUnitReportReporter -->
<testsuite hostname="dac-19" failures="0" tests="1" name="com.seleniumtest.InputValidationTest" time="11.033" errors="0" timestamp="2024-12-22T09:37:58 IST" skipped="0">
  <testcase classname="com.seleniumtest.InputValidationTest" name="inputTest" time="11.033"/>
</testsuite> <!-- com.seleniumtest.InputValidationTest -->
